<?xml version="1.0" encoding="UTF-8"?>
<!-- Generated by org.testng.reporters.JUnitXMLReporter -->
<testsuite hostname="INW-266" ignored="22" name="Test" tests="2" failures="2" timestamp="2019-10-01T20:50:10 IST" time="427.705" errors="0">
  <testcase name="verifyIntacctID" time="178.638" classname="com.svam.twentyeighty.tests.Regression">
    <failure type="java.lang.AssertionError" message="The Serached Result did not expect to find [true] but found [false]">
      <![CDATA[java.lang.AssertionError: The Serached Result did not expect to find [true] but found [false]
at com.svam.twentyeighty.tests.Regression.verifyIntacctID(Regression.java:224)
at java.util.ArrayList.forEach(Unknown Source)
... Removed 30 stack frames]]>
    </failure>
  </testcase> <!-- verifyIntacctID -->
  <testcase name="CPC_Dummy_Intacct_ID_Save_Record" time="247.007" classname="com.svam.twentyeighty.tests.Regression">
    <failure type="java.lang.AssertionError" message="The Serached Result did not expect to find [true] but found [false]">
      <![CDATA[java.lang.AssertionError: The Serached Result did not expect to find [true] but found [false]
at com.svam.twentyeighty.tests.Regression.CPC_Dummy_Intacct_ID_Save_Record(Regression.java:297)
at java.util.ArrayList.forEach(Unknown Source)
... Removed 30 stack frames]]>
    </failure>
  </testcase> <!-- CPC_Dummy_Intacct_ID_Save_Record -->
  <testcase name="CPC_Pending" time="0.0" classname="com.svam.twentyeighty.tests.Regression">
    <ignored/>
  </testcase> <!-- CPC_Pending -->
  <testcase name="Reseller_sessionmapping_FutureExpectedDate" time="0.0" classname="com.svam.twentyeighty.tests.Regression">
    <ignored/>
  </testcase> <!-- Reseller_sessionmapping_FutureExpectedDate -->
  <testcase name="Notes_CPC_AwaitingAccess" time="0.0" classname="com.svam.twentyeighty.tests.Regression">
    <ignored/>
  </testcase> <!-- Notes_CPC_AwaitingAccess -->
  <testcase name="CPC_AwaitingAccess" time="0.0" classname="com.svam.twentyeighty.tests.Regression">
    <ignored/>
  </testcase> <!-- CPC_AwaitingAccess -->
  <testcase name="CPC_PublicWebsite_Registration_License" time="0.0" classname="com.svam.twentyeighty.tests.Regression">
    <ignored/>
  </testcase> <!-- CPC_PublicWebsite_Registration_License -->
  <testcase name="CPC_Expectedstartdate" time="0.0" classname="com.svam.twentyeighty.tests.Regression">
    <ignored/>
  </testcase> <!-- CPC_Expectedstartdate -->
  <testcase name="CPC_Deleted" time="0.0" classname="com.svam.twentyeighty.tests.Regression">
    <ignored/>
  </testcase> <!-- CPC_Deleted -->
  <testcase name="CPC_ProcessedAccesGranted" time="0.0" classname="com.svam.twentyeighty.tests.Regression">
    <ignored/>
  </testcase> <!-- CPC_ProcessedAccesGranted -->
  <testcase name="CPC_PublicWebsite_Registration_purchaseorder" time="0.0" classname="com.svam.twentyeighty.tests.Regression">
    <ignored/>
  </testcase> <!-- CPC_PublicWebsite_Registration_purchaseorder -->
  <testcase name="CPC_License_validation" time="0.0" classname="com.svam.twentyeighty.tests.Regression">
    <ignored/>
  </testcase> <!-- CPC_License_validation -->
  <testcase name="Notes_CPC_Pending" time="0.0" classname="com.svam.twentyeighty.tests.Regression">
    <ignored/>
  </testcase> <!-- Notes_CPC_Pending -->
  <testcase name="CPC_Intacct_Id_Added" time="0.0" classname="com.svam.twentyeighty.tests.Regression">
    <ignored/>
  </testcase> <!-- CPC_Intacct_Id_Added -->
  <testcase name="Registration_Verification_ResellerToCPC" time="0.0" classname="com.svam.twentyeighty.tests.Regression">
    <ignored/>
  </testcase> <!-- Registration_Verification_ResellerToCPC -->
  <testcase name="Futurestartdate_sessionmapping" time="0.0" classname="com.svam.twentyeighty.tests.Regression">
    <ignored/>
  </testcase> <!-- Futurestartdate_sessionmapping -->
  <testcase name="CPC_PublicWebsite_Registration_Check" time="0.0" classname="com.svam.twentyeighty.tests.Regression">
    <ignored/>
  </testcase> <!-- CPC_PublicWebsite_Registration_Check -->
  <testcase name="CPC_Intacct_ID_Manadtory_Field" time="0.0" classname="com.svam.twentyeighty.tests.Regression">
    <ignored/>
  </testcase> <!-- CPC_Intacct_ID_Manadtory_Field -->
  <testcase name="@BeforeSuite suiteSetup" time="0.0" classname="com.svam.driver.TestDriver">
    <ignored/>
  </testcase> <!-- @BeforeSuite suiteSetup -->
  <testcase name="Reseller_sessionmapping" time="0.0" classname="com.svam.twentyeighty.tests.Regression">
    <ignored/>
  </testcase> <!-- Reseller_sessionmapping -->
  <testcase name="CPC_Intacct_ID_Details_Work" time="0.0" classname="com.svam.twentyeighty.tests.Regression">
    <ignored/>
  </testcase> <!-- CPC_Intacct_ID_Details_Work -->
  <testcase name="CPC_Intacct_ID_Details_UIElements" time="0.0" classname="com.svam.twentyeighty.tests.Regression">
    <ignored/>
  </testcase> <!-- CPC_Intacct_ID_Details_UIElements -->
  <testcase name="ResellerApproval_CPC_processedAccess_Granted_Learning" time="0.0" classname="com.svam.twentyeighty.tests.Regression">
    <ignored/>
  </testcase> <!-- ResellerApproval_CPC_processedAccess_Granted_Learning -->
  <testcase name="@AfterSuite testTearDown" time="0.0" classname="com.svam.driver.TestDriver">
    <ignored/>
  </testcase> <!-- @AfterSuite testTearDown -->
</testsuite> <!-- Test -->
