<?xml version="1.0" encoding="UTF-8"?>
<testng-results skipped="0" failed="1" ignored="23" total="24" passed="0">
  <reporter-output>
  </reporter-output>
  <suite name="Suite" duration-ms="6712" started-at="2019-10-22T16:49:27 IST" finished-at="2019-10-22T16:49:33 IST">
    <groups>
    </groups>
    <test name="Test" duration-ms="6712" started-at="2019-10-22T16:49:27 IST" finished-at="2019-10-22T16:49:33 IST">
      <class name="com.svam.twentyeighty.tests.Regression">
        <test-method status="PASS" signature="appInitilization()[pri:0, instance:com.svam.twentyeighty.tests.Regression@528931cf]" name="appInitilization" is-config="true" duration-ms="201" started-at="2019-10-22T16:49:27 IST" finished-at="2019-10-22T16:49:27 IST">
          <reporter-output>
          </reporter-output>
        </test-method> <!-- appInitilization -->
        <test-method status="PASS" signature="startReporting(java.lang.reflect.Method)[pri:0, instance:com.svam.twentyeighty.tests.Regression@528931cf]" name="startReporting" is-config="true" duration-ms="83" started-at="2019-10-22T16:49:27 IST" finished-at="2019-10-22T16:49:27 IST">
          <params>
            <param index="0">
              <value>
                <![CDATA[public void com.svam.twentyeighty.tests.Regression.Registration_Verification_ResellerToCPC()]]>
              </value>
            </param>
          </params>
          <reporter-output>
          </reporter-output>
        </test-method> <!-- startReporting -->
        <test-method status="FAIL" signature="Registration_Verification_ResellerToCPC()[pri:14, instance:com.svam.twentyeighty.tests.Regression@528931cf]" name="Registration_Verification_ResellerToCPC" duration-ms="5599" started-at="2019-10-22T16:49:27 IST" finished-at="2019-10-22T16:49:32 IST">
          <exception class="java.lang.AssertionError">
            <message>
              <![CDATA[The course is selected did not expect to find [true] but found [false]]]>
            </message>
            <full-stacktrace>
              <![CDATA[java.lang.AssertionError: The course is selected did not expect to find [true] but found [false]
at org.testng.Assert.fail(Assert.java:97)
at org.testng.Assert.failNotEquals(Assert.java:969)
at org.testng.Assert.assertTrue(Assert.java:43)
at com.svam.twentyeighty.tests.Regression.Registration_Verification_ResellerToCPC(Regression.java:1050)
at sun.reflect.NativeMethodAccessorImpl.invoke0(Native Method)
at sun.reflect.NativeMethodAccessorImpl.invoke(Unknown Source)
at sun.reflect.DelegatingMethodAccessorImpl.invoke(Unknown Source)
at java.lang.reflect.Method.invoke(Unknown Source)
at org.testng.internal.MethodInvocationHelper.invokeMethod(MethodInvocationHelper.java:133)
at org.testng.internal.TestInvoker.invokeMethod(TestInvoker.java:584)
at org.testng.internal.TestInvoker.invokeTestMethod(TestInvoker.java:172)
at org.testng.internal.MethodRunner.runInSequence(MethodRunner.java:46)
at org.testng.internal.TestInvoker$MethodInvocationAgent.invoke(TestInvoker.java:804)
at org.testng.internal.TestInvoker.invokeTestMethods(TestInvoker.java:145)
at org.testng.internal.TestMethodWorker.invokeTestMethods(TestMethodWorker.java:146)
at org.testng.internal.TestMethodWorker.run(TestMethodWorker.java:128)
at java.util.ArrayList.forEach(Unknown Source)
at org.testng.TestRunner.privateRun(TestRunner.java:770)
at org.testng.TestRunner.run(TestRunner.java:591)
at org.testng.SuiteRunner.runTest(SuiteRunner.java:402)
at org.testng.SuiteRunner.runSequentially(SuiteRunner.java:396)
at org.testng.SuiteRunner.privateRun(SuiteRunner.java:355)
at org.testng.SuiteRunner.run(SuiteRunner.java:304)
at org.testng.SuiteRunnerWorker.runSuite(SuiteRunnerWorker.java:53)
at org.testng.SuiteRunnerWorker.run(SuiteRunnerWorker.java:96)
at org.testng.TestNG.runSuitesSequentially(TestNG.java:1180)
at org.testng.TestNG.runSuitesLocally(TestNG.java:1102)
at org.testng.TestNG.runSuites(TestNG.java:1032)
at org.testng.TestNG.run(TestNG.java:1000)
at org.testng.remote.AbstractRemoteTestNG.run(AbstractRemoteTestNG.java:115)
at org.testng.remote.RemoteTestNG.initAndRun(RemoteTestNG.java:251)
at org.testng.remote.RemoteTestNG.main(RemoteTestNG.java:77)
]]>
            </full-stacktrace>
          </exception> <!-- java.lang.AssertionError -->
          <reporter-output>
          </reporter-output>
        </test-method> <!-- Registration_Verification_ResellerToCPC -->
        <test-method status="PASS" signature="testResult(java.lang.reflect.Method, org.testng.ITestResult)[pri:0, instance:com.svam.twentyeighty.tests.Regression@528931cf]" name="testResult" is-config="true" duration-ms="294" started-at="2019-10-22T16:49:32 IST" finished-at="2019-10-22T16:49:33 IST">
          <params>
            <param index="0">
              <value>
                <![CDATA[public void com.svam.twentyeighty.tests.Regression.Registration_Verification_ResellerToCPC()]]>
              </value>
            </param>
            <param index="1">
              <value>
                <![CDATA[[TestResult name=Registration_Verification_ResellerToCPC status=FAILURE method=Regression.Registration_Verification_ResellerToCPC()[pri:14, instance:com.svam.twentyeighty.tests.Regression@528931cf] output={null}]]]>
              </value>
            </param>
          </params>
          <reporter-output>
          </reporter-output>
        </test-method> <!-- testResult -->
        <test-method status="PASS" signature="generateResult()[pri:0, instance:com.svam.twentyeighty.tests.Regression@528931cf]" name="generateResult" is-config="true" duration-ms="500" started-at="2019-10-22T16:49:33 IST" finished-at="2019-10-22T16:49:33 IST">
          <reporter-output>
          </reporter-output>
        </test-method> <!-- generateResult -->
        <test-method status="PASS" signature="suiteTearDown()[pri:0, instance:com.svam.twentyeighty.tests.Regression@528931cf]" name="suiteTearDown" is-config="true" duration-ms="5" started-at="2019-10-22T16:49:33 IST" finished-at="2019-10-22T16:49:33 IST">
          <reporter-output>
          </reporter-output>
        </test-method> <!-- suiteTearDown -->
      </class> <!-- com.svam.twentyeighty.tests.Regression -->
      <class name="com.svam.driver.TestDriver">
        <test-method status="PASS" signature="suiteSetup()[pri:0, instance:com.svam.driver.TestDriver@5faeada1]" name="suiteSetup" is-config="true" duration-ms="4690" started-at="2019-10-22T16:49:22 IST" finished-at="2019-10-22T16:49:27 IST">
          <reporter-output>
          </reporter-output>
        </test-method> <!-- suiteSetup -->
        <test-method status="PASS" signature="testTearDown()[pri:0, instance:com.svam.driver.TestDriver@5faeada1]" name="testTearDown" is-config="true" duration-ms="18" started-at="2019-10-22T16:49:33 IST" finished-at="2019-10-22T16:49:33 IST">
          <reporter-output>
          </reporter-output>
        </test-method> <!-- testTearDown -->
      </class> <!-- com.svam.driver.TestDriver -->
    </test> <!-- Test -->
  </suite> <!-- Suite -->
</testng-results>
